{
  "stats": {
    "suites": 1,
    "tests": 3,
    "passes": 3,
    "pending": 0,
    "failures": 0,
    "start": "2022-11-24T17:33:34.602Z",
    "end": "2022-11-24T17:33:47.547Z",
    "duration": 12945,
    "testsRegistered": 3,
    "passPercent": 100,
    "pendingPercent": 0,
    "other": 0,
    "hasOther": false,
    "skipped": 0,
    "hasSkipped": false
  },
  "results": [
    {
      "uuid": "36022dc2-4768-412e-922c-643eec63bb44",
      "title": "",
      "fullFile": "cypress/integration/tests.spec.js",
      "file": "cypress/integration/tests.spec.js",
      "beforeHooks": [],
      "afterHooks": [],
      "tests": [],
      "suites": [
        {
          "uuid": "b7ffd470-3693-45f6-b4a8-d7a1ef615f71",
          "title": "Loan simulations",
          "fullFile": "",
          "file": "",
          "beforeHooks": [],
          "afterHooks": [],
          "tests": [
            {
              "title": "Loan simulation - 6 installments",
              "fullTitle": "Loan simulations Loan simulation - 6 installments",
              "timedOut": null,
              "duration": 6108,
              "state": "passed",
              "speed": "medium",
              "pass": true,
              "fail": false,
              "pending": false,
              "context": null,
              "code": "const amountInReal = data.amount.toLocaleString('pt-br', {\n  minimumFractionDigits: 2\n});\ncy.setAmountSlider(data.amount);\ncy.get(_loanElements.LoanElements.amountSliderValue).should('contain.text', `R$ ${amountInReal}`);\ncy.setMonthSlider(data.installments);\ncy.get(_loanElements.LoanElements.monthSliderValue).should('contain.text', `${data.installments} meses`);\ncy.get(_loanElements.LoanElements.installmentsOutput).should('contain.text', `${data.installments}x`);\ncy.get(_loanElements.LoanElements.installmentValueOutput).should('contain.text', `R$ ${data.installmentsValue}`);",
              "err": {},
              "uuid": "9d8689ae-14dd-4857-b2f2-efad2066847f",
              "parentUUID": "b7ffd470-3693-45f6-b4a8-d7a1ef615f71",
              "isHook": false,
              "skipped": false
            },
            {
              "title": "Loan simulation - 12 installments",
              "fullTitle": "Loan simulations Loan simulation - 12 installments",
              "timedOut": null,
              "duration": 3404,
              "state": "passed",
              "speed": "fast",
              "pass": true,
              "fail": false,
              "pending": false,
              "context": null,
              "code": "const amountInReal = data.amount.toLocaleString('pt-br', {\n  minimumFractionDigits: 2\n});\ncy.setAmountSlider(data.amount);\ncy.get(_loanElements.LoanElements.amountSliderValue).should('contain.text', `R$ ${amountInReal}`);\ncy.setMonthSlider(data.installments);\ncy.get(_loanElements.LoanElements.monthSliderValue).should('contain.text', `${data.installments} meses`);\ncy.get(_loanElements.LoanElements.installmentsOutput).should('contain.text', `${data.installments}x`);\ncy.get(_loanElements.LoanElements.installmentValueOutput).should('contain.text', `R$ ${data.installmentsValue}`);",
              "err": {},
              "uuid": "e3f5a37c-eb33-4a15-bcfb-d66268d22e56",
              "parentUUID": "b7ffd470-3693-45f6-b4a8-d7a1ef615f71",
              "isHook": false,
              "skipped": false
            },
            {
              "title": "Loan simulation - 24 installments",
              "fullTitle": "Loan simulations Loan simulation - 24 installments",
              "timedOut": null,
              "duration": 3232,
              "state": "passed",
              "speed": "fast",
              "pass": true,
              "fail": false,
              "pending": false,
              "context": null,
              "code": "const amountInReal = data.amount.toLocaleString('pt-br', {\n  minimumFractionDigits: 2\n});\ncy.setAmountSlider(data.amount);\ncy.get(_loanElements.LoanElements.amountSliderValue).should('contain.text', `R$ ${amountInReal}`);\ncy.setMonthSlider(data.installments);\ncy.get(_loanElements.LoanElements.monthSliderValue).should('contain.text', `${data.installments} meses`);\ncy.get(_loanElements.LoanElements.installmentsOutput).should('contain.text', `${data.installments}x`);\ncy.get(_loanElements.LoanElements.installmentValueOutput).should('contain.text', `R$ ${data.installmentsValue}`);",
              "err": {},
              "uuid": "3e58d2d5-a3fc-4007-95ef-7bcfe85a305d",
              "parentUUID": "b7ffd470-3693-45f6-b4a8-d7a1ef615f71",
              "isHook": false,
              "skipped": false
            }
          ],
          "suites": [],
          "passes": [
            "9d8689ae-14dd-4857-b2f2-efad2066847f",
            "e3f5a37c-eb33-4a15-bcfb-d66268d22e56",
            "3e58d2d5-a3fc-4007-95ef-7bcfe85a305d"
          ],
          "failures": [],
          "pending": [],
          "skipped": [],
          "duration": 12744,
          "root": false,
          "rootEmpty": false,
          "_timeout": 2000
        }
      ],
      "passes": [],
      "failures": [],
      "pending": [],
      "skipped": [],
      "duration": 0,
      "root": true,
      "rootEmpty": true,
      "_timeout": 2000
    }
  ],
  "meta": {
    "mocha": {
      "version": "7.0.1"
    },
    "mochawesome": {
      "options": {
        "quiet": false,
        "reportFilename": "mochawesome",
        "saveHtml": true,
        "saveJson": true,
        "consoleReporter": "spec",
        "useInlineDiffs": false,
        "code": true
      },
      "version": "7.1.3"
    },
    "marge": {
      "options": null,
      "version": "6.2.0"
    }
  }
}